<?xml version="1.0" encoding="UTF-8"?>
<!-- Generated by org.testng.reporters.JUnitXMLReporter -->
<testsuite ignored="4" hostname="DESKTOP-JJUDEBO" failures="0" tests="5" name="Command line test" time="47.133" errors="0" timestamp="2022-03-24T17:19:57 CET">
  <testcase classname="com.icabank.tests.HurMycketLanaTest" name="negativeBorrowingTest_1" time="3.772"/>
  <testcase classname="com.icabank.tests.HurMycketLanaTest" name="positiveBorrowingTest_1" time="3.35"/>
  <testcase classname="com.icabank.tests.HurMycketLanaTest" name="positiveBorrowingTest_2" time="3.487"/>
  <testcase classname="com.icabank.tests.HurMycketLanaTest" name="verifyingLinkTest" time="4.857"/>
  <testcase classname="com.icabank.tests.RaknaPrivatlanTest" name="calculatePrivatlanTest" time="2.387"/>
  <testcase classname="com.icabank.tests.TestBase" name="@BeforeTest setUpTest" time="0.0">
    <ignored/>
  </testcase> <!-- @BeforeTest setUpTest -->
  <testcase classname="com.icabank.tests.TestBase" name="@BeforeTest setUpTest" time="0.0">
    <ignored/>
  </testcase> <!-- @BeforeTest setUpTest -->
  <testcase classname="com.icabank.tests.TestBase" name="@AfterTest tearDownTest" time="0.0">
    <ignored/>
  </testcase> <!-- @AfterTest tearDownTest -->
  <testcase classname="com.icabank.tests.TestBase" name="@AfterTest tearDownTest" time="0.0">
    <ignored/>
  </testcase> <!-- @AfterTest tearDownTest -->
</testsuite> <!-- Command line test -->
