<?xml version="1.0" encoding="UTF-8"?>
<testng-results ignored="4" total="9" passed="5" failed="0" skipped="0">
  <reporter-output>
  </reporter-output>
  <suite started-at="2022-03-24T17:19:10 CET" name="Command line suite" finished-at="2022-03-24T17:19:57 CET" duration-ms="47133">
    <groups>
    </groups>
    <test started-at="2022-03-24T17:19:10 CET" name="Command line test" finished-at="2022-03-24T17:19:57 CET" duration-ms="47133">
      <class name="com.icabank.tests.HurMycketLanaTest">
        <test-method is-config="true" signature="setUpTest()[pri:0, instance:com.icabank.tests.HurMycketLanaTest@768b970c]" started-at="2022-03-24T17:19:10 CET" name="setUpTest" finished-at="2022-03-24T17:19:10 CET" duration-ms="248" status="PASS">
          <reporter-output>
          </reporter-output>
        </test-method> <!-- setUpTest -->
        <test-method is-config="true" signature="setUp()[pri:0, instance:com.icabank.tests.HurMycketLanaTest@768b970c]" started-at="2022-03-24T17:19:10 CET" name="setUp" finished-at="2022-03-24T17:19:15 CET" duration-ms="4857" status="PASS">
          <reporter-output>
          </reporter-output>
        </test-method> <!-- setUp -->
        <test-method signature="negativeBorrowingTest_1()[pri:0, instance:com.icabank.tests.HurMycketLanaTest@768b970c]" started-at="2022-03-24T17:19:15 CET" name="negativeBorrowingTest_1" finished-at="2022-03-24T17:19:19 CET" duration-ms="3772" status="PASS">
          <reporter-output>
          </reporter-output>
        </test-method> <!-- negativeBorrowingTest_1 -->
        <test-method is-config="true" signature="tearDown(org.testng.ITestResult)[pri:0, instance:com.icabank.tests.HurMycketLanaTest@768b970c]" started-at="2022-03-24T17:19:19 CET" name="tearDown" finished-at="2022-03-24T17:19:21 CET" duration-ms="2284" status="PASS">
          <params>
            <param index="0">
              <value>
                <![CDATA[[TestResult name=negativeBorrowingTest_1 status=SUCCESS method=HurMycketLanaTest.negativeBorrowingTest_1()[pri:0, instance:com.icabank.tests.HurMycketLanaTest@768b970c] output={null}]]]>
              </value>
            </param>
          </params>
          <reporter-output>
          </reporter-output>
        </test-method> <!-- tearDown -->
        <test-method is-config="true" signature="setUp()[pri:0, instance:com.icabank.tests.HurMycketLanaTest@768b970c]" started-at="2022-03-24T17:19:21 CET" name="setUp" finished-at="2022-03-24T17:19:26 CET" duration-ms="4441" status="PASS">
          <reporter-output>
          </reporter-output>
        </test-method> <!-- setUp -->
        <test-method signature="positiveBorrowingTest_1()[pri:0, instance:com.icabank.tests.HurMycketLanaTest@768b970c]" started-at="2022-03-24T17:19:26 CET" name="positiveBorrowingTest_1" finished-at="2022-03-24T17:19:29 CET" duration-ms="3350" status="PASS">
          <reporter-output>
          </reporter-output>
        </test-method> <!-- positiveBorrowingTest_1 -->
        <test-method is-config="true" signature="tearDown(org.testng.ITestResult)[pri:0, instance:com.icabank.tests.HurMycketLanaTest@768b970c]" started-at="2022-03-24T17:19:29 CET" name="tearDown" finished-at="2022-03-24T17:19:31 CET" duration-ms="2281" status="PASS">
          <params>
            <param index="0">
              <value>
                <![CDATA[[TestResult name=positiveBorrowingTest_1 status=SUCCESS method=HurMycketLanaTest.positiveBorrowingTest_1()[pri:0, instance:com.icabank.tests.HurMycketLanaTest@768b970c] output={null}]]]>
              </value>
            </param>
          </params>
          <reporter-output>
          </reporter-output>
        </test-method> <!-- tearDown -->
        <test-method is-config="true" signature="setUp()[pri:0, instance:com.icabank.tests.HurMycketLanaTest@768b970c]" started-at="2022-03-24T17:19:31 CET" name="setUp" finished-at="2022-03-24T17:19:33 CET" duration-ms="2213" status="PASS">
          <reporter-output>
          </reporter-output>
        </test-method> <!-- setUp -->
        <test-method signature="positiveBorrowingTest_2()[pri:0, instance:com.icabank.tests.HurMycketLanaTest@768b970c]" started-at="2022-03-24T17:19:33 CET" name="positiveBorrowingTest_2" finished-at="2022-03-24T17:19:37 CET" duration-ms="3487" status="PASS">
          <reporter-output>
          </reporter-output>
        </test-method> <!-- positiveBorrowingTest_2 -->
        <test-method is-config="true" signature="tearDown(org.testng.ITestResult)[pri:0, instance:com.icabank.tests.HurMycketLanaTest@768b970c]" started-at="2022-03-24T17:19:37 CET" name="tearDown" finished-at="2022-03-24T17:19:40 CET" duration-ms="3235" status="PASS">
          <params>
            <param index="0">
              <value>
                <![CDATA[[TestResult name=positiveBorrowingTest_2 status=SUCCESS method=HurMycketLanaTest.positiveBorrowingTest_2()[pri:0, instance:com.icabank.tests.HurMycketLanaTest@768b970c] output={null}]]]>
              </value>
            </param>
          </params>
          <reporter-output>
          </reporter-output>
        </test-method> <!-- tearDown -->
        <test-method is-config="true" signature="setUp()[pri:0, instance:com.icabank.tests.HurMycketLanaTest@768b970c]" started-at="2022-03-24T17:19:40 CET" name="setUp" finished-at="2022-03-24T17:19:43 CET" duration-ms="2384" status="PASS">
          <reporter-output>
          </reporter-output>
        </test-method> <!-- setUp -->
        <test-method signature="verifyingLinkTest()[pri:0, instance:com.icabank.tests.HurMycketLanaTest@768b970c]" started-at="2022-03-24T17:19:43 CET" name="verifyingLinkTest" finished-at="2022-03-24T17:19:47 CET" duration-ms="4857" status="PASS">
          <reporter-output>
          </reporter-output>
        </test-method> <!-- verifyingLinkTest -->
        <test-method is-config="true" signature="tearDown(org.testng.ITestResult)[pri:0, instance:com.icabank.tests.HurMycketLanaTest@768b970c]" started-at="2022-03-24T17:19:47 CET" name="tearDown" finished-at="2022-03-24T17:19:50 CET" duration-ms="2316" status="PASS">
          <params>
            <param index="0">
              <value>
                <![CDATA[[TestResult name=verifyingLinkTest status=SUCCESS method=HurMycketLanaTest.verifyingLinkTest()[pri:0, instance:com.icabank.tests.HurMycketLanaTest@768b970c] output={null}]]]>
              </value>
            </param>
          </params>
          <reporter-output>
          </reporter-output>
        </test-method> <!-- tearDown -->
        <test-method is-config="true" signature="tearDownTest()[pri:0, instance:com.icabank.tests.HurMycketLanaTest@768b970c]" started-at="2022-03-24T17:19:57 CET" name="tearDownTest" finished-at="2022-03-24T17:19:57 CET" duration-ms="469" status="PASS">
          <reporter-output>
          </reporter-output>
        </test-method> <!-- tearDownTest -->
      </class> <!-- com.icabank.tests.HurMycketLanaTest -->
      <class name="com.icabank.tests.RaknaPrivatlanTest">
        <test-method is-config="true" signature="setUp()[pri:0, instance:com.icabank.tests.RaknaPrivatlanTest@5a4041cc]" started-at="2022-03-24T17:19:50 CET" name="setUp" finished-at="2022-03-24T17:19:52 CET" duration-ms="2231" status="PASS">
          <reporter-output>
          </reporter-output>
        </test-method> <!-- setUp -->
        <test-method signature="calculatePrivatlanTest()[pri:0, instance:com.icabank.tests.RaknaPrivatlanTest@5a4041cc]" started-at="2022-03-24T17:19:52 CET" name="calculatePrivatlanTest" finished-at="2022-03-24T17:19:54 CET" duration-ms="2387" status="PASS">
          <reporter-output>
          </reporter-output>
        </test-method> <!-- calculatePrivatlanTest -->
        <test-method is-config="true" signature="tearDown(org.testng.ITestResult)[pri:0, instance:com.icabank.tests.RaknaPrivatlanTest@5a4041cc]" started-at="2022-03-24T17:19:54 CET" name="tearDown" finished-at="2022-03-24T17:19:57 CET" duration-ms="2275" status="PASS">
          <params>
            <param index="0">
              <value>
                <![CDATA[[TestResult name=calculatePrivatlanTest status=SUCCESS method=RaknaPrivatlanTest.calculatePrivatlanTest()[pri:0, instance:com.icabank.tests.RaknaPrivatlanTest@5a4041cc] output={null}]]]>
              </value>
            </param>
          </params>
          <reporter-output>
          </reporter-output>
        </test-method> <!-- tearDown -->
      </class> <!-- com.icabank.tests.RaknaPrivatlanTest -->
    </test> <!-- Command line test -->
  </suite> <!-- Command line suite -->
</testng-results>
